Analysis & Synthesis report for tpj
Tue Nov 30 20:01:42 2021
Quartus Prime Version 20.1.1 Build 720 11/11/2020 SJ Lite Edition


---------------------
; Table of Contents ;
---------------------
  1. Legal Notice
  2. Analysis & Synthesis Summary
  3. Analysis & Synthesis Settings
  4. Parallel Compilation
  5. Analysis & Synthesis Source Files Read
  6. Analysis & Synthesis Resource Usage Summary
  7. Analysis & Synthesis Resource Utilization by Entity
  8. General Register Statistics
  9. Multiplexer Restructuring Statistics (Restructuring Performed)
 10. Analysis & Synthesis Messages



----------------
; Legal Notice ;
----------------
Copyright (C) 2020  Intel Corporation. All rights reserved.
Your use of Intel Corporation's design tools, logic functions 
and other software and tools, and any partner logic 
functions, and any output files from any of the foregoing 
(including device programming or simulation files), and any 
associated documentation or information are expressly subject 
to the terms and conditions of the Intel Program License 
Subscription Agreement, the Intel Quartus Prime License Agreement,
the Intel FPGA IP License Agreement, or other applicable license
agreement, including, without limitation, that your use is for
the sole purpose of programming logic devices manufactured by
Intel and sold by Intel or its authorized distributors.  Please
refer to the applicable agreement for further details, at
https://fpgasoftware.intel.com/eula.



+---------------------------------------------------------------------------+
; Analysis & Synthesis Summary                                              ;
+-----------------------------+---------------------------------------------+
; Analysis & Synthesis Status ; Successful - Tue Nov 30 20:01:42 2021       ;
; Quartus Prime Version       ; 20.1.1 Build 720 11/11/2020 SJ Lite Edition ;
; Revision Name               ; tpj                                         ;
; Top-level Entity Name       ; tpj                                         ;
; Family                      ; MAX V                                       ;
; Total logic elements        ; 84                                          ;
; Total pins                  ; 141                                         ;
; Total virtual pins          ; 0                                           ;
; UFM blocks                  ; 0 / 1 ( 0 % )                               ;
+-----------------------------+---------------------------------------------+


+------------------------------------------------------------------------------------------------------------+
; Analysis & Synthesis Settings                                                                              ;
+------------------------------------------------------------------+--------------------+--------------------+
; Option                                                           ; Setting            ; Default Value      ;
+------------------------------------------------------------------+--------------------+--------------------+
; Top-level entity name                                            ; tpj                ; tpj                ;
; Family name                                                      ; MAX V              ; Cyclone V          ;
; Use smart compilation                                            ; Off                ; Off                ;
; Enable parallel Assembler and Timing Analyzer during compilation ; On                 ; On                 ;
; Enable compact report table                                      ; Off                ; Off                ;
; Restructure Multiplexers                                         ; Auto               ; Auto               ;
; Create Debugging Nodes for IP Cores                              ; Off                ; Off                ;
; Preserve fewer node names                                        ; On                 ; On                 ;
; Intel FPGA IP Evaluation Mode                                    ; Enable             ; Enable             ;
; Verilog Version                                                  ; Verilog_2001       ; Verilog_2001       ;
; VHDL Version                                                     ; VHDL_1993          ; VHDL_1993          ;
; State Machine Processing                                         ; Auto               ; Auto               ;
; Safe State Machine                                               ; Off                ; Off                ;
; Extract Verilog State Machines                                   ; On                 ; On                 ;
; Extract VHDL State Machines                                      ; On                 ; On                 ;
; Ignore Verilog initial constructs                                ; Off                ; Off                ;
; Iteration limit for constant Verilog loops                       ; 5000               ; 5000               ;
; Iteration limit for non-constant Verilog loops                   ; 250                ; 250                ;
; Add Pass-Through Logic to Inferred RAMs                          ; On                 ; On                 ;
; Infer RAMs from Raw Logic                                        ; On                 ; On                 ;
; Parallel Synthesis                                               ; On                 ; On                 ;
; NOT Gate Push-Back                                               ; On                 ; On                 ;
; Power-Up Don't Care                                              ; On                 ; On                 ;
; Remove Redundant Logic Cells                                     ; Off                ; Off                ;
; Remove Duplicate Registers                                       ; On                 ; On                 ;
; Ignore CARRY Buffers                                             ; Off                ; Off                ;
; Ignore CASCADE Buffers                                           ; Off                ; Off                ;
; Ignore GLOBAL Buffers                                            ; Off                ; Off                ;
; Ignore ROW GLOBAL Buffers                                        ; Off                ; Off                ;
; Ignore LCELL Buffers                                             ; Off                ; Off                ;
; Ignore SOFT Buffers                                              ; On                 ; On                 ;
; Limit AHDL Integers to 32 Bits                                   ; Off                ; Off                ;
; Optimization Technique                                           ; Balanced           ; Balanced           ;
; Carry Chain Length                                               ; 70                 ; 70                 ;
; Auto Carry Chains                                                ; On                 ; On                 ;
; Auto Open-Drain Pins                                             ; On                 ; On                 ;
; Perform WYSIWYG Primitive Resynthesis                            ; Off                ; Off                ;
; Auto Shift Register Replacement                                  ; Auto               ; Auto               ;
; Allow Shift Register Merging across Hierarchies                  ; Auto               ; Auto               ;
; Auto Clock Enable Replacement                                    ; On                 ; On                 ;
; Allow Synchronous Control Signals                                ; On                 ; On                 ;
; Force Use of Synchronous Clear Signals                           ; Off                ; Off                ;
; Auto Resource Sharing                                            ; Off                ; Off                ;
; Use LogicLock Constraints during Resource Balancing              ; On                 ; On                 ;
; Ignore translate_off and synthesis_off directives                ; Off                ; Off                ;
; Report Parameter Settings                                        ; On                 ; On                 ;
; Report Source Assignments                                        ; On                 ; On                 ;
; Report Connectivity Checks                                       ; On                 ; On                 ;
; Ignore Maximum Fan-Out Assignments                               ; Off                ; Off                ;
; Synchronization Register Chain Length                            ; 2                  ; 2                  ;
; Power Optimization During Synthesis                              ; Normal compilation ; Normal compilation ;
; HDL message level                                                ; Level2             ; Level2             ;
; Suppress Register Optimization Related Messages                  ; Off                ; Off                ;
; Number of Removed Registers Reported in Synthesis Report         ; 5000               ; 5000               ;
; Number of Swept Nodes Reported in Synthesis Report               ; 5000               ; 5000               ;
; Number of Inverted Registers Reported in Synthesis Report        ; 100                ; 100                ;
; Clock MUX Protection                                             ; On                 ; On                 ;
; Block Design Naming                                              ; Auto               ; Auto               ;
; Synthesis Effort                                                 ; Auto               ; Auto               ;
; Shift Register Replacement - Allow Asynchronous Clear Signal     ; On                 ; On                 ;
; Analysis & Synthesis Message Level                               ; Medium             ; Medium             ;
; Disable Register Merging Across Hierarchies                      ; Auto               ; Auto               ;
+------------------------------------------------------------------+--------------------+--------------------+


+------------------------------------------+
; Parallel Compilation                     ;
+----------------------------+-------------+
; Processors                 ; Number      ;
+----------------------------+-------------+
; Number detected on machine ; 6           ;
; Maximum allowed            ; 6           ;
;                            ;             ;
; Average used               ; 1.00        ;
; Maximum used               ; 1           ;
;                            ;             ;
; Usage by Processor         ; % Time Used ;
;     Processor 1            ; 100.0%      ;
+----------------------------+-------------+


+----------------------------------------------------------------------------------------------------------------------------------+
; Analysis & Synthesis Source Files Read                                                                                           ;
+----------------------------------+-----------------+------------------------------------+------------------------------+---------+
; File Name with User-Entered Path ; Used in Netlist ; File Type                          ; File Name with Absolute Path ; Library ;
+----------------------------------+-----------------+------------------------------------+------------------------------+---------+
; count16.bdf                      ; yes             ; User Block Diagram/Schematic File  ; C:/today/count16.bdf         ;         ;
; tpj.bdf                          ; yes             ; User Block Diagram/Schematic File  ; C:/today/tpj.bdf             ;         ;
; mux_8bit_2x1.bdf                 ; yes             ; User Block Diagram/Schematic File  ; C:/today/mux_8bit_2x1.bdf    ;         ;
; mux_8bit_4x1.bdf                 ; yes             ; User Block Diagram/Schematic File  ; C:/today/mux_8bit_4x1.bdf    ;         ;
; mux_8bit_16x1.bdf                ; yes             ; User Block Diagram/Schematic File  ; C:/today/mux_8bit_16x1.bdf   ;         ;
+----------------------------------+-----------------+------------------------------------+------------------------------+---------+


+-----------------------------------------------------------------+
; Analysis & Synthesis Resource Usage Summary                     ;
+---------------------------------------------+-------------------+
; Resource                                    ; Usage             ;
+---------------------------------------------+-------------------+
; Total logic elements                        ; 84                ;
;     -- Combinational with no register       ; 80                ;
;     -- Register only                        ; 0                 ;
;     -- Combinational with a register        ; 4                 ;
;                                             ;                   ;
; Logic element usage by number of LUT inputs ;                   ;
;     -- 4 input functions                    ; 81                ;
;     -- 3 input functions                    ; 1                 ;
;     -- 2 input functions                    ; 1                 ;
;     -- 1 input functions                    ; 1                 ;
;     -- 0 input functions                    ; 0                 ;
;                                             ;                   ;
; Logic elements by mode                      ;                   ;
;     -- normal mode                          ; 84                ;
;     -- arithmetic mode                      ; 0                 ;
;     -- qfbk mode                            ; 0                 ;
;     -- register cascade mode                ; 0                 ;
;     -- synchronous clear/load mode          ; 0                 ;
;     -- asynchronous clear/load mode         ; 4                 ;
;                                             ;                   ;
; Total registers                             ; 4                 ;
; I/O pins                                    ; 141               ;
; Maximum fan-out node                        ; count16:inst|inst ;
; Maximum fan-out                             ; 34                ;
; Total fan-out                               ; 346               ;
; Average fan-out                             ; 1.54              ;
+---------------------------------------------+-------------------+


+------------------------------------------------------------------------------------------------------------------------------------------------------------------------------------------------------------------------------------------------------------------------------------+
; Analysis & Synthesis Resource Utilization by Entity                                                                                                                                                                                                                                ;
+-------------------------------+-------------+--------------+------------+------+--------------+--------------+-------------------+------------------+-----------------+------------+----------------------------------------------------------------+---------------+--------------+
; Compilation Hierarchy Node    ; Logic Cells ; LC Registers ; UFM Blocks ; Pins ; Virtual Pins ; LUT-Only LCs ; Register-Only LCs ; LUT/Register LCs ; Carry Chain LCs ; Packed LCs ; Full Hierarchy Name                                            ; Entity Name   ; Library Name ;
+-------------------------------+-------------+--------------+------------+------+--------------+--------------+-------------------+------------------+-----------------+------------+----------------------------------------------------------------+---------------+--------------+
; |tpj                          ; 84 (0)      ; 4            ; 0          ; 141  ; 0            ; 80 (0)       ; 0 (0)             ; 4 (0)            ; 0 (0)           ; 0 (0)      ; |tpj                                                           ; tpj           ; work         ;
;    |count16:inst|             ; 4 (4)       ; 4            ; 0          ; 0    ; 0            ; 0 (0)        ; 0 (0)             ; 4 (4)            ; 0 (0)           ; 0 (0)      ; |tpj|count16:inst                                              ; count16       ; work         ;
;    |mux_8bit_16x1:inst2|      ; 80 (0)      ; 0            ; 0          ; 0    ; 0            ; 80 (0)       ; 0 (0)             ; 0 (0)            ; 0 (0)           ; 0 (0)      ; |tpj|mux_8bit_16x1:inst2                                       ; mux_8bit_16x1 ; work         ;
;       |mux_8bit_4x1:inst4|    ; 80 (0)      ; 0            ; 0          ; 0    ; 0            ; 80 (0)       ; 0 (0)             ; 0 (0)            ; 0 (0)           ; 0 (0)      ; |tpj|mux_8bit_16x1:inst2|mux_8bit_4x1:inst4                    ; mux_8bit_4x1  ; work         ;
;          |mux_8bit_2x1:inst2| ; 80 (80)     ; 0            ; 0          ; 0    ; 0            ; 80 (80)      ; 0 (0)             ; 0 (0)            ; 0 (0)           ; 0 (0)      ; |tpj|mux_8bit_16x1:inst2|mux_8bit_4x1:inst4|mux_8bit_2x1:inst2 ; mux_8bit_2x1  ; work         ;
+-------------------------------+-------------+--------------+------------+------+--------------+--------------+-------------------+------------------+-----------------+------------+----------------------------------------------------------------+---------------+--------------+
Note: For table entries with two numbers listed, the numbers in parentheses indicate the number of resources of the given type used by the specific entity alone. The numbers listed outside of parentheses indicate the total resources of the given type used by the specific entity and all of its sub-entities in the hierarchy.


+------------------------------------------------------+
; General Register Statistics                          ;
+----------------------------------------------+-------+
; Statistic                                    ; Value ;
+----------------------------------------------+-------+
; Total registers                              ; 4     ;
; Number of registers using Synchronous Clear  ; 0     ;
; Number of registers using Synchronous Load   ; 0     ;
; Number of registers using Asynchronous Clear ; 4     ;
; Number of registers using Asynchronous Load  ; 0     ;
; Number of registers using Clock Enable       ; 0     ;
; Number of registers using Preset             ; 0     ;
+----------------------------------------------+-------+


+-------------------------------------------------------------------------------------------------------------------------------------------------------------------------------------+
; Multiplexer Restructuring Statistics (Restructuring Performed)                                                                                                                      ;
+--------------------+-----------+---------------+----------------------+------------------------+------------+-----------------------------------------------------------------------+
; Multiplexer Inputs ; Bus Width ; Baseline Area ; Area if Restructured ; Saving if Restructured ; Registered ; Example Multiplexer Output                                            ;
+--------------------+-----------+---------------+----------------------+------------------------+------------+-----------------------------------------------------------------------+
; 16:1               ; 8 bits    ; 80 LEs        ; 80 LEs               ; 0 LEs                  ; No         ; |tpj|mux_8bit_16x1:inst2|mux_8bit_4x1:inst4|mux_8bit_2x1:inst2|inst10 ;
+--------------------+-----------+---------------+----------------------+------------------------+------------+-----------------------------------------------------------------------+


+-------------------------------+
; Analysis & Synthesis Messages ;
+-------------------------------+
Info: *******************************************************************
Info: Running Quartus Prime Analysis & Synthesis
    Info: Version 20.1.1 Build 720 11/11/2020 SJ Lite Edition
    Info: Processing started: Tue Nov 30 20:01:32 2021
Info: Command: quartus_map --read_settings_files=on --write_settings_files=off tpj -c tpj
Warning (18236): Number of processors has not been specified which may cause overloading on shared machines.  Set the global assignment NUM_PARALLEL_PROCESSORS in your QSF to an appropriate value for best performance.
Info (20030): Parallel compilation is enabled and will use 6 of the 6 processors detected
Info (12021): Found 1 design units, including 1 entities, in source file count16.bdf
    Info (12023): Found entity 1: count16
Info (12021): Found 1 design units, including 1 entities, in source file tpj.bdf
    Info (12023): Found entity 1: tpj
Info (12021): Found 1 design units, including 1 entities, in source file mux_8bit_2x1.bdf
    Info (12023): Found entity 1: mux_8bit_2x1
Info (12021): Found 1 design units, including 1 entities, in source file mux_8bit_4x1.bdf
    Info (12023): Found entity 1: mux_8bit_4x1
Info (12021): Found 1 design units, including 1 entities, in source file mux_8bit_16x1.bdf
    Info (12023): Found entity 1: mux_8bit_16x1
Info (12127): Elaborating entity "tpj" for the top level hierarchy
Warning (275083): Bus "VAL_1_10[7..0]" found using same base name as "VAL_1_1", which might lead to a name conflict.
Warning (275083): Bus "VAL_1_11[7..0]" found using same base name as "VAL_1_1", which might lead to a name conflict.
Warning (275083): Bus "VAL_1_12[7..0]" found using same base name as "VAL_1_1", which might lead to a name conflict.
Warning (275083): Bus "VAL_1_13[7..0]" found using same base name as "VAL_1_1", which might lead to a name conflict.
Warning (275083): Bus "VAL_1_14[7..0]" found using same base name as "VAL_1_1", which might lead to a name conflict.
Warning (275083): Bus "VAL_1_15[7..0]" found using same base name as "VAL_1_1", which might lead to a name conflict.
Warning (275083): Bus "VAL_1_16[7..0]" found using same base name as "VAL_1_1", which might lead to a name conflict.
Warning (275083): Bus "S10[7..0]" found using same base name as "S1", which might lead to a name conflict.
Warning (275083): Bus "S11[7..0]" found using same base name as "S1", which might lead to a name conflict.
Warning (275083): Bus "S12[7..0]" found using same base name as "S1", which might lead to a name conflict.
Warning (275083): Bus "S13[7..0]" found using same base name as "S1", which might lead to a name conflict.
Warning (275083): Bus "S14[7..0]" found using same base name as "S1", which might lead to a name conflict.
Warning (275083): Bus "S15[7..0]" found using same base name as "S1", which might lead to a name conflict.
Warning (275080): Converted elements in bus name "S1" using legacy naming rules. Make any assignments on the new names, not on the original names.
    Warning (275081): Converted element name(s) from "S1[7..0]" to "S17..0"
Warning (275080): Converted elements in bus name "S10" using legacy naming rules. Make any assignments on the new names, not on the original names.
    Warning (275081): Converted element name(s) from "S10[7..0]" to "S107..0"
Warning (275080): Converted elements in bus name "S11" using legacy naming rules. Make any assignments on the new names, not on the original names.
    Warning (275081): Converted element name(s) from "S11[7..0]" to "S117..0"
Warning (275080): Converted elements in bus name "S12" using legacy naming rules. Make any assignments on the new names, not on the original names.
    Warning (275081): Converted element name(s) from "S12[7..0]" to "S127..0"
Warning (275080): Converted elements in bus name "S13" using legacy naming rules. Make any assignments on the new names, not on the original names.
    Warning (275081): Converted element name(s) from "S13[7..0]" to "S137..0"
Warning (275080): Converted elements in bus name "S14" using legacy naming rules. Make any assignments on the new names, not on the original names.
    Warning (275081): Converted element name(s) from "S14[7..0]" to "S147..0"
Warning (275080): Converted elements in bus name "S15" using legacy naming rules. Make any assignments on the new names, not on the original names.
    Warning (275081): Converted element name(s) from "S15[7..0]" to "S157..0"
Warning (275080): Converted elements in bus name "VAL_1_1" using legacy naming rules. Make any assignments on the new names, not on the original names.
    Warning (275081): Converted element name(s) from "VAL_1_1[7..0]" to "VAL_1_17..0"
Warning (275080): Converted elements in bus name "VAL_1_10" using legacy naming rules. Make any assignments on the new names, not on the original names.
    Warning (275081): Converted element name(s) from "VAL_1_10[7..0]" to "VAL_1_107..0"
Warning (275080): Converted elements in bus name "VAL_1_11" using legacy naming rules. Make any assignments on the new names, not on the original names.
    Warning (275081): Converted element name(s) from "VAL_1_11[7..0]" to "VAL_1_117..0"
Warning (275080): Converted elements in bus name "VAL_1_12" using legacy naming rules. Make any assignments on the new names, not on the original names.
    Warning (275081): Converted element name(s) from "VAL_1_12[7..0]" to "VAL_1_127..0"
Warning (275080): Converted elements in bus name "VAL_1_13" using legacy naming rules. Make any assignments on the new names, not on the original names.
    Warning (275081): Converted element name(s) from "VAL_1_13[7..0]" to "VAL_1_137..0"
Warning (275080): Converted elements in bus name "VAL_1_14" using legacy naming rules. Make any assignments on the new names, not on the original names.
    Warning (275081): Converted element name(s) from "VAL_1_14[7..0]" to "VAL_1_147..0"
Warning (275080): Converted elements in bus name "VAL_1_15" using legacy naming rules. Make any assignments on the new names, not on the original names.
    Warning (275081): Converted element name(s) from "VAL_1_15[7..0]" to "VAL_1_157..0"
Warning (275080): Converted elements in bus name "VAL_1_16" using legacy naming rules. Make any assignments on the new names, not on the original names.
    Warning (275081): Converted element name(s) from "VAL_1_16[7..0]" to "VAL_1_167..0"
Warning (275043): Pin "LCD_E" is missing source
Warning (275043): Pin "LCD_RS" is missing source
Warning (275043): Pin "LCD_RW" is missing source
Info (12128): Elaborating entity "mux_8bit_16x1" for hierarchy "mux_8bit_16x1:inst2"
Warning (275083): Bus "S10[7..0]" found using same base name as "S1", which might lead to a name conflict.
Warning (275083): Bus "S11[7..0]" found using same base name as "S1", which might lead to a name conflict.
Warning (275083): Bus "S12[7..0]" found using same base name as "S1", which might lead to a name conflict.
Warning (275083): Bus "S13[7..0]" found using same base name as "S1", which might lead to a name conflict.
Warning (275083): Bus "S14[7..0]" found using same base name as "S1", which might lead to a name conflict.
Warning (275083): Bus "S15[7..0]" found using same base name as "S1", which might lead to a name conflict.
Warning (275080): Converted elements in bus name "S1" using legacy naming rules. Make any assignments on the new names, not on the original names.
    Warning (275081): Converted element name(s) from "S1[7..0]" to "S17..0"
Warning (275080): Converted elements in bus name "S10" using legacy naming rules. Make any assignments on the new names, not on the original names.
    Warning (275081): Converted element name(s) from "S10[7..0]" to "S107..0"
Warning (275080): Converted elements in bus name "S11" using legacy naming rules. Make any assignments on the new names, not on the original names.
    Warning (275081): Converted element name(s) from "S11[7..0]" to "S117..0"
Warning (275080): Converted elements in bus name "S12" using legacy naming rules. Make any assignments on the new names, not on the original names.
    Warning (275081): Converted element name(s) from "S12[7..0]" to "S127..0"
Warning (275080): Converted elements in bus name "S13" using legacy naming rules. Make any assignments on the new names, not on the original names.
    Warning (275081): Converted element name(s) from "S13[7..0]" to "S137..0"
Warning (275080): Converted elements in bus name "S14" using legacy naming rules. Make any assignments on the new names, not on the original names.
    Warning (275081): Converted element name(s) from "S14[7..0]" to "S147..0"
Warning (275080): Converted elements in bus name "S15" using legacy naming rules. Make any assignments on the new names, not on the original names.
    Warning (275081): Converted element name(s) from "S15[7..0]" to "S157..0"
Info (12128): Elaborating entity "mux_8bit_4x1" for hierarchy "mux_8bit_16x1:inst2|mux_8bit_4x1:inst4"
Info (12128): Elaborating entity "mux_8bit_2x1" for hierarchy "mux_8bit_16x1:inst2|mux_8bit_4x1:inst4|mux_8bit_2x1:inst2"
Warning (275011): Block or symbol "AND2" of instance "inst2" overlaps another block or symbol
Warning (275011): Block or symbol "OR2" of instance "inst10" overlaps another block or symbol
Warning (275011): Block or symbol "OR2" of instance "inst20" overlaps another block or symbol
Warning (275011): Block or symbol "OR2" of instance "inst23" overlaps another block or symbol
Info (12128): Elaborating entity "count16" for hierarchy "count16:inst"
Warning (275011): Block or symbol "AND2" of instance "inst9" overlaps another block or symbol
Warning (13024): Output pins are stuck at VCC or GND
    Warning (13410): Pin "LCD_E" is stuck at GND
    Warning (13410): Pin "LCD_RS" is stuck at GND
    Warning (13410): Pin "LCD_RW" is stuck at GND
Info (21057): Implemented 225 device resources after synthesis - the final resource count might be different
    Info (21058): Implemented 130 input pins
    Info (21059): Implemented 11 output pins
    Info (21061): Implemented 84 logic cells
Info: Quartus Prime Analysis & Synthesis was successful. 0 errors, 76 warnings
    Info: Peak virtual memory: 4722 megabytes
    Info: Processing ended: Tue Nov 30 20:01:42 2021
    Info: Elapsed time: 00:00:10
    Info: Total CPU time (on all processors): 00:00:17


