Flow report for assignment11
Tue Nov 16 19:32:47 2021
Quartus Prime Version 20.1.1 Build 720 11/11/2020 SJ Lite Edition


---------------------
; Table of Contents ;
---------------------
  1. Legal Notice
  2. Flow Summary
  3. Flow Settings
  4. Flow Non-Default Global Settings
  5. Flow Elapsed Time
  6. Flow OS Summary
  7. Flow Log
  8. Flow Messages
  9. Flow Suppressed Messages



----------------
; Legal Notice ;
----------------
Copyright (C) 2020  Intel Corporation. All rights reserved.
Your use of Intel Corporation's design tools, logic functions 
and other software and tools, and any partner logic 
functions, and any output files from any of the foregoing 
(including device programming or simulation files), and any 
associated documentation or information are expressly subject 
to the terms and conditions of the Intel Program License 
Subscription Agreement, the Intel Quartus Prime License Agreement,
the Intel FPGA IP License Agreement, or other applicable license
agreement, including, without limitation, that your use is for
the sole purpose of programming logic devices manufactured by
Intel and sold by Intel or its authorized distributors.  Please
refer to the applicable agreement for further details, at
https://fpgasoftware.intel.com/eula.



+---------------------------------------------------------------------+
; Flow Summary                                                        ;
+-----------------------+---------------------------------------------+
; Flow Status           ; Successful - Tue Nov 16 19:32:47 2021       ;
; Quartus Prime Version ; 20.1.1 Build 720 11/11/2020 SJ Lite Edition ;
; Revision Name         ; assignment11                                ;
; Top-level Entity Name ; ten_week_2                                  ;
; Family                ; MAX V                                       ;
; Total logic elements  ; 385 / 570 ( 68 % )                          ;
; Total pins            ; 44 / 74 ( 59 % )                            ;
; Total virtual pins    ; 0                                           ;
; UFM blocks            ; 0 / 1 ( 0 % )                               ;
; Device                ; 5M570ZM100C4                                ;
; Timing Models         ; Final                                       ;
+-----------------------+---------------------------------------------+


+-----------------------------------------+
; Flow Settings                           ;
+-------------------+---------------------+
; Option            ; Setting             ;
+-------------------+---------------------+
; Start date & time ; 11/16/2021 19:29:10 ;
; Main task         ; Compilation         ;
; Revision Name     ; assignment11        ;
+-------------------+---------------------+


+------------------------------------------------------------------------------------------------------+
; Flow Non-Default Global Settings                                                                     ;
+--------------------------+--------------------------------+---------------+-------------+------------+
; Assignment Name          ; Value                          ; Default Value ; Entity Name ; Section Id ;
+--------------------------+--------------------------------+---------------+-------------+------------+
; COMPILER_SIGNATURE_ID    ; 10995770589195.163705855010052 ; --            ; --          ; --         ;
; PROJECT_OUTPUT_DIRECTORY ; output_files                   ; --            ; --          ; --         ;
; TOP_LEVEL_ENTITY         ; ten_week_2                     ; assignment11  ; --          ; --         ;
+--------------------------+--------------------------------+---------------+-------------+------------+


+--------------------------------------------------------------------------------------------------------------------------+
; Flow Elapsed Time                                                                                                        ;
+----------------------+--------------+-------------------------+---------------------+------------------------------------+
; Module Name          ; Elapsed Time ; Average Processors Used ; Peak Virtual Memory ; Total CPU Time (on all processors) ;
+----------------------+--------------+-------------------------+---------------------+------------------------------------+
; Analysis & Synthesis ; 00:00:07     ; 1.0                     ; 4722 MB             ; 00:00:13                           ;
; Fitter               ; 00:00:02     ; 1.1                     ; 5548 MB             ; 00:00:03                           ;
; EDA Netlist Writer   ; 00:00:01     ; 1.0                     ; 4632 MB             ; 00:00:00                           ;
; EDA Netlist Writer   ; 00:00:01     ; 1.0                     ; 4640 MB             ; 00:00:00                           ;
; EDA Netlist Writer   ; 00:00:01     ; 1.0                     ; 4632 MB             ; 00:00:00                           ;
; EDA Netlist Writer   ; 00:00:00     ; 1.0                     ; 4640 MB             ; 00:00:01                           ;
; Total                ; 00:00:12     ; --                      ; --                  ; 00:00:17                           ;
+----------------------+--------------+-------------------------+---------------------+------------------------------------+


+------------------------------------------------------------------------------------+
; Flow OS Summary                                                                    ;
+----------------------+------------------+------------+------------+----------------+
; Module Name          ; Machine Hostname ; OS Name    ; OS Version ; Processor type ;
+----------------------+------------------+------------+------------+----------------+
; Analysis & Synthesis ; user-pc          ; Windows 10 ; 10.0       ; x86_64         ;
; Fitter               ; user-pc          ; Windows 10 ; 10.0       ; x86_64         ;
; EDA Netlist Writer   ; user-pc          ; Windows 10 ; 10.0       ; x86_64         ;
; EDA Netlist Writer   ; user-pc          ; Windows 10 ; 10.0       ; x86_64         ;
; EDA Netlist Writer   ; user-pc          ; Windows 10 ; 10.0       ; x86_64         ;
; EDA Netlist Writer   ; user-pc          ; Windows 10 ; 10.0       ; x86_64         ;
+----------------------+------------------+------------+------------+----------------+


------------
; Flow Log ;
------------
quartus_map --read_settings_files=on --write_settings_files=off assignment11 -c assignment11
quartus_fit --read_settings_files=on --write_settings_files=off assignment11 -c assignment11
quartus_eda --read_settings_files=off --write_settings_files=off assignment11 -c assignment11
quartus_eda --gen_testbench --tool=modelsim_oem --format=verilog --write_settings_files=off assignment11 -c assignment11 --vector_source=C:/intelFPGA_lite/20.1/assignment11/Waveform.vwf --testbench_file=C:/intelFPGA_lite/20.1/assignment11/simulation/qsim/Waveform.vwf.vt
quartus_eda --write_settings_files=off --simulation=on --functional=on --flatten_buses=off --tool=modelsim_oem --format=verilog --output_directory=C:/intelFPGA_lite/20.1/assignment11/simulation/qsim/ assignment11 -c assignment11
quartus_eda --gen_testbench --tool=modelsim_oem --format=verilog --write_settings_files=off assignment11 -c assignment11 --vector_source=C:/intelFPGA_lite/20.1/assignment11/Waveform.vwf --testbench_file=C:/intelFPGA_lite/20.1/assignment11/simulation/qsim/Waveform.vwf.vt
quartus_eda --write_settings_files=off --simulation=on --functional=on --flatten_buses=off --tool=modelsim_oem --format=verilog --output_directory=C:/intelFPGA_lite/20.1/assignment11/simulation/qsim/ assignment11 -c assignment11



