Analysis & Synthesis report for quartus
Wed Dec 22 15:23:00 2021
Quartus Prime Version 20.1.1 Build 720 11/11/2020 SJ Lite Edition


---------------------
; Table of Contents ;
---------------------
  1. Legal Notice
  2. Analysis & Synthesis Summary
  3. Analysis & Synthesis Settings
  4. Parallel Compilation
  5. Analysis & Synthesis Source Files Read
  6. Analysis & Synthesis Resource Usage Summary
  7. Analysis & Synthesis Resource Utilization by Entity
  8. Registers Removed During Synthesis
  9. General Register Statistics
 10. Multiplexer Restructuring Statistics (Restructuring Performed)
 11. Analysis & Synthesis Messages



----------------
; Legal Notice ;
----------------
Copyright (C) 2020  Intel Corporation. All rights reserved.
Your use of Intel Corporation's design tools, logic functions 
and other software and tools, and any partner logic 
functions, and any output files from any of the foregoing 
(including device programming or simulation files), and any 
associated documentation or information are expressly subject 
to the terms and conditions of the Intel Program License 
Subscription Agreement, the Intel Quartus Prime License Agreement,
the Intel FPGA IP License Agreement, or other applicable license
agreement, including, without limitation, that your use is for
the sole purpose of programming logic devices manufactured by
Intel and sold by Intel or its authorized distributors.  Please
refer to the applicable agreement for further details, at
https://fpgasoftware.intel.com/eula.



+---------------------------------------------------------------------------+
; Analysis & Synthesis Summary                                              ;
+-----------------------------+---------------------------------------------+
; Analysis & Synthesis Status ; Successful - Wed Dec 22 15:23:00 2021       ;
; Quartus Prime Version       ; 20.1.1 Build 720 11/11/2020 SJ Lite Edition ;
; Revision Name               ; quartus                                     ;
; Top-level Entity Name       ; CPU_MEMORY                                  ;
; Family                      ; MAX V                                       ;
; Total logic elements        ; 297                                         ;
; Total pins                  ; 75                                          ;
; Total virtual pins          ; 0                                           ;
; UFM blocks                  ; 0 / 1 ( 0 % )                               ;
+-----------------------------+---------------------------------------------+


+------------------------------------------------------------------------------------------------------------+
; Analysis & Synthesis Settings                                                                              ;
+------------------------------------------------------------------+--------------------+--------------------+
; Option                                                           ; Setting            ; Default Value      ;
+------------------------------------------------------------------+--------------------+--------------------+
; Top-level entity name                                            ; CPU_MEMORY         ; quartus            ;
; Family name                                                      ; MAX V              ; Cyclone V          ;
; Use smart compilation                                            ; Off                ; Off                ;
; Enable parallel Assembler and Timing Analyzer during compilation ; On                 ; On                 ;
; Enable compact report table                                      ; Off                ; Off                ;
; Restructure Multiplexers                                         ; Auto               ; Auto               ;
; Create Debugging Nodes for IP Cores                              ; Off                ; Off                ;
; Preserve fewer node names                                        ; On                 ; On                 ;
; Intel FPGA IP Evaluation Mode                                    ; Enable             ; Enable             ;
; Verilog Version                                                  ; Verilog_2001       ; Verilog_2001       ;
; VHDL Version                                                     ; VHDL_1993          ; VHDL_1993          ;
; State Machine Processing                                         ; Auto               ; Auto               ;
; Safe State Machine                                               ; Off                ; Off                ;
; Extract Verilog State Machines                                   ; On                 ; On                 ;
; Extract VHDL State Machines                                      ; On                 ; On                 ;
; Ignore Verilog initial constructs                                ; Off                ; Off                ;
; Iteration limit for constant Verilog loops                       ; 5000               ; 5000               ;
; Iteration limit for non-constant Verilog loops                   ; 250                ; 250                ;
; Add Pass-Through Logic to Inferred RAMs                          ; On                 ; On                 ;
; Infer RAMs from Raw Logic                                        ; On                 ; On                 ;
; Parallel Synthesis                                               ; On                 ; On                 ;
; NOT Gate Push-Back                                               ; On                 ; On                 ;
; Power-Up Don't Care                                              ; On                 ; On                 ;
; Remove Redundant Logic Cells                                     ; Off                ; Off                ;
; Remove Duplicate Registers                                       ; On                 ; On                 ;
; Ignore CARRY Buffers                                             ; Off                ; Off                ;
; Ignore CASCADE Buffers                                           ; Off                ; Off                ;
; Ignore GLOBAL Buffers                                            ; Off                ; Off                ;
; Ignore ROW GLOBAL Buffers                                        ; Off                ; Off                ;
; Ignore LCELL Buffers                                             ; Off                ; Off                ;
; Ignore SOFT Buffers                                              ; On                 ; On                 ;
; Limit AHDL Integers to 32 Bits                                   ; Off                ; Off                ;
; Optimization Technique                                           ; Balanced           ; Balanced           ;
; Carry Chain Length                                               ; 70                 ; 70                 ;
; Auto Carry Chains                                                ; On                 ; On                 ;
; Auto Open-Drain Pins                                             ; On                 ; On                 ;
; Perform WYSIWYG Primitive Resynthesis                            ; Off                ; Off                ;
; Auto Shift Register Replacement                                  ; Auto               ; Auto               ;
; Allow Shift Register Merging across Hierarchies                  ; Auto               ; Auto               ;
; Auto Clock Enable Replacement                                    ; On                 ; On                 ;
; Allow Synchronous Control Signals                                ; On                 ; On                 ;
; Force Use of Synchronous Clear Signals                           ; Off                ; Off                ;
; Auto Resource Sharing                                            ; Off                ; Off                ;
; Use LogicLock Constraints during Resource Balancing              ; On                 ; On                 ;
; Ignore translate_off and synthesis_off directives                ; Off                ; Off                ;
; Report Parameter Settings                                        ; On                 ; On                 ;
; Report Source Assignments                                        ; On                 ; On                 ;
; Report Connectivity Checks                                       ; On                 ; On                 ;
; Ignore Maximum Fan-Out Assignments                               ; Off                ; Off                ;
; Synchronization Register Chain Length                            ; 2                  ; 2                  ;
; Power Optimization During Synthesis                              ; Normal compilation ; Normal compilation ;
; HDL message level                                                ; Level2             ; Level2             ;
; Suppress Register Optimization Related Messages                  ; Off                ; Off                ;
; Number of Removed Registers Reported in Synthesis Report         ; 5000               ; 5000               ;
; Number of Swept Nodes Reported in Synthesis Report               ; 5000               ; 5000               ;
; Number of Inverted Registers Reported in Synthesis Report        ; 100                ; 100                ;
; Clock MUX Protection                                             ; On                 ; On                 ;
; Block Design Naming                                              ; Auto               ; Auto               ;
; Synthesis Effort                                                 ; Auto               ; Auto               ;
; Shift Register Replacement - Allow Asynchronous Clear Signal     ; On                 ; On                 ;
; Analysis & Synthesis Message Level                               ; Medium             ; Medium             ;
; Disable Register Merging Across Hierarchies                      ; Auto               ; Auto               ;
+------------------------------------------------------------------+--------------------+--------------------+


+------------------------------------------+
; Parallel Compilation                     ;
+----------------------------+-------------+
; Processors                 ; Number      ;
+----------------------------+-------------+
; Number detected on machine ; 6           ;
; Maximum allowed            ; 6           ;
;                            ;             ;
; Average used               ; 1.00        ;
; Maximum used               ; 1           ;
;                            ;             ;
; Usage by Processor         ; % Time Used ;
;     Processor 1            ; 100.0%      ;
+----------------------------+-------------+


+-------------------------------------------------------------------------------------------------------------------------------------------------------------------------------------------+
; Analysis & Synthesis Source Files Read                                                                                                                                                    ;
+----------------------------------+-----------------+------------------------------------+---------------------------------------------------------------------------------------+---------+
; File Name with User-Entered Path ; Used in Netlist ; File Type                          ; File Name with Absolute Path                                                          ; Library ;
+----------------------------------+-----------------+------------------------------------+---------------------------------------------------------------------------------------+---------+
; CPU_MEMORY.bdf                   ; yes             ; User Block Diagram/Schematic File  ; C:/Users/user/Logic-circuit-and-design/term_project/quartus/CPU_MEMORY.bdf            ;         ;
; sram_8bitx8.bdf                  ; yes             ; User Block Diagram/Schematic File  ; C:/Users/user/Logic-circuit-and-design/term_project/quartus/sram_8bitx8.bdf           ;         ;
; reg_8bit_ce_sharp.bdf            ; yes             ; User Block Diagram/Schematic File  ; C:/Users/user/Logic-circuit-and-design/term_project/quartus/reg_8bit_ce_sharp.bdf     ;         ;
; RAM_to_CPU.bdf                   ; yes             ; User Block Diagram/Schematic File  ; C:/Users/user/Logic-circuit-and-design/term_project/quartus/RAM_to_CPU.bdf            ;         ;
; mux_8bit_4x1.bdf                 ; yes             ; User Block Diagram/Schematic File  ; C:/Users/user/Logic-circuit-and-design/term_project/quartus/mux_8bit_4x1.bdf          ;         ;
; demux.bdf                        ; yes             ; User Block Diagram/Schematic File  ; C:/Users/user/Logic-circuit-and-design/term_project/quartus/demux.bdf                 ;         ;
; ascii_to_address.bdf             ; yes             ; User Block Diagram/Schematic File  ; C:/Users/user/Logic-circuit-and-design/term_project/quartus/ascii_to_address.bdf      ;         ;
; ascii_comparator.bdf             ; yes             ; User Block Diagram/Schematic File  ; C:/Users/user/Logic-circuit-and-design/term_project/quartus/ascii_comparator.bdf      ;         ;
; count_8.bdf                      ; yes             ; User Block Diagram/Schematic File  ; C:/Users/user/Logic-circuit-and-design/term_project/quartus/count_8.bdf               ;         ;
; reg_8bit_ce.bdf                  ; yes             ; User Block Diagram/Schematic File  ; C:/Users/user/Logic-circuit-and-design/term_project/quartus/reg_8bit_ce.bdf           ;         ;
; decre_4bit.bdf                   ; yes             ; User Block Diagram/Schematic File  ; C:/Users/user/Logic-circuit-and-design/term_project/quartus/decre_4bit.bdf            ;         ;
; mux_8bit_2x1.bdf                 ; yes             ; User Block Diagram/Schematic File  ; C:/Users/user/Logic-circuit-and-design/term_project/quartus/mux_8bit_2x1.bdf          ;         ;
; half_adder.bdf                   ; yes             ; User Block Diagram/Schematic File  ; C:/Users/user/Logic-circuit-and-design/term_project/quartus/half_adder.bdf            ;         ;
; full_adder.bdf                   ; yes             ; User Block Diagram/Schematic File  ; C:/Users/user/Logic-circuit-and-design/term_project/quartus/full_adder.bdf            ;         ;
; mx_2x1.bdf                       ; yes             ; User Block Diagram/Schematic File  ; C:/Users/user/Logic-circuit-and-design/term_project/quartus/mx_2x1.bdf                ;         ;
; four_bit_register.bdf            ; yes             ; User Block Diagram/Schematic File  ; C:/Users/user/Logic-circuit-and-design/term_project/quartus/four_bit_register.bdf     ;         ;
; eight_bit_register.bdf           ; yes             ; User Block Diagram/Schematic File  ; C:/Users/user/Logic-circuit-and-design/term_project/quartus/eight_bit_register.bdf    ;         ;
; bitToBus_8bit.bdf                ; yes             ; User Block Diagram/Schematic File  ; C:/Users/user/Logic-circuit-and-design/term_project/quartus/bitToBus_8bit.bdf         ;         ;
; shw_module.bdf                   ; yes             ; User Block Diagram/Schematic File  ; C:/Users/user/Logic-circuit-and-design/term_project/quartus/shw_module.bdf            ;         ;
; b2seg.bdf                        ; yes             ; User Block Diagram/Schematic File  ; C:/Users/user/Logic-circuit-and-design/term_project/quartus/b2seg.bdf                 ;         ;
; is_ascii.bdf                     ; yes             ; User Block Diagram/Schematic File  ; C:/Users/user/Logic-circuit-and-design/term_project/quartus/is_ascii.bdf              ;         ;
; mov_module.bdf                   ; yes             ; User Block Diagram/Schematic File  ; C:/Users/user/Logic-circuit-and-design/term_project/quartus/mov_module.bdf            ;         ;
; add_module.bdf                   ; yes             ; User Block Diagram/Schematic File  ; C:/Users/user/Logic-circuit-and-design/term_project/quartus/add_module.bdf            ;         ;
; adder_subtractor_8bit.bdf        ; yes             ; User Block Diagram/Schematic File  ; C:/Users/user/Logic-circuit-and-design/term_project/quartus/adder_subtractor_8bit.bdf ;         ;
; and_8bit_2bit.bdf                ; yes             ; User Block Diagram/Schematic File  ; C:/Users/user/Logic-circuit-and-design/term_project/quartus/and_8bit_2bit.bdf         ;         ;
; sub_module.bdf                   ; yes             ; User Block Diagram/Schematic File  ; C:/Users/user/Logic-circuit-and-design/term_project/quartus/sub_module.bdf            ;         ;
; trigger_8bit.bdf                 ; yes             ; User Block Diagram/Schematic File  ; C:/Users/user/Logic-circuit-and-design/term_project/quartus/trigger_8bit.bdf          ;         ;
+----------------------------------+-----------------+------------------------------------+---------------------------------------------------------------------------------------+---------+


+-----------------------------------------------------+
; Analysis & Synthesis Resource Usage Summary         ;
+---------------------------------------------+-------+
; Resource                                    ; Usage ;
+---------------------------------------------+-------+
; Total logic elements                        ; 297   ;
;     -- Combinational with no register       ; 179   ;
;     -- Register only                        ; 96    ;
;     -- Combinational with a register        ; 22    ;
;                                             ;       ;
; Logic element usage by number of LUT inputs ;       ;
;     -- 4 input functions                    ; 129   ;
;     -- 3 input functions                    ; 43    ;
;     -- 2 input functions                    ; 28    ;
;     -- 1 input functions                    ; 1     ;
;     -- 0 input functions                    ; 0     ;
;                                             ;       ;
; Logic elements by mode                      ;       ;
;     -- normal mode                          ; 297   ;
;     -- arithmetic mode                      ; 0     ;
;     -- qfbk mode                            ; 0     ;
;     -- register cascade mode                ; 0     ;
;     -- synchronous clear/load mode          ; 0     ;
;     -- asynchronous clear/load mode         ; 118   ;
;                                             ;       ;
; Total registers                             ; 118   ;
; I/O pins                                    ; 75    ;
; Maximum fan-out node                        ; rst   ;
; Maximum fan-out                             ; 149   ;
; Total fan-out                               ; 1179  ;
; Average fan-out                             ; 3.17  ;
+---------------------------------------------+-------+


+------------------------------------------------------------------------------------------------------------------------------------------------------------------------------------------------------------------------------------------------------------------------------------------------------------+
; Analysis & Synthesis Resource Utilization by Entity                                                                                                                                                                                                                                                        ;
+------------------------------------+-------------+--------------+------------+------+--------------+--------------+-------------------+------------------+-----------------+------------+---------------------------------------------------------------------------+-----------------------+--------------+
; Compilation Hierarchy Node         ; Logic Cells ; LC Registers ; UFM Blocks ; Pins ; Virtual Pins ; LUT-Only LCs ; Register-Only LCs ; LUT/Register LCs ; Carry Chain LCs ; Packed LCs ; Full Hierarchy Name                                                       ; Entity Name           ; Library Name ;
+------------------------------------+-------------+--------------+------------+------+--------------+--------------+-------------------+------------------+-----------------+------------+---------------------------------------------------------------------------+-----------------------+--------------+
; |CPU_MEMORY                        ; 297 (19)    ; 118          ; 0          ; 75   ; 0            ; 179 (19)     ; 96 (0)            ; 22 (0)           ; 0 (0)           ; 0 (0)      ; |CPU_MEMORY                                                               ; CPU_MEMORY            ; work         ;
;    |RAM_to_CPU:inst1|              ; 20 (1)      ; 19           ; 0          ; 0    ; 0            ; 1 (1)        ; 0 (0)             ; 19 (0)           ; 0 (0)           ; 0 (0)      ; |CPU_MEMORY|RAM_to_CPU:inst1                                              ; RAM_to_CPU            ; work         ;
;       |reg_8bit_ce_sharp:inst3|    ; 8 (8)       ; 8            ; 0          ; 0    ; 0            ; 0 (0)        ; 0 (0)             ; 8 (8)            ; 0 (0)           ; 0 (0)      ; |CPU_MEMORY|RAM_to_CPU:inst1|reg_8bit_ce_sharp:inst3                      ; reg_8bit_ce_sharp     ; work         ;
;       |reg_8bit_ce_sharp:inst44|   ; 8 (8)       ; 8            ; 0          ; 0    ; 0            ; 0 (0)        ; 0 (0)             ; 8 (8)            ; 0 (0)           ; 0 (0)      ; |CPU_MEMORY|RAM_to_CPU:inst1|reg_8bit_ce_sharp:inst44                     ; reg_8bit_ce_sharp     ; work         ;
;       |reg_8bit_ce_sharp:inst4|    ; 3 (3)       ; 3            ; 0          ; 0    ; 0            ; 0 (0)        ; 0 (0)             ; 3 (3)            ; 0 (0)           ; 0 (0)      ; |CPU_MEMORY|RAM_to_CPU:inst1|reg_8bit_ce_sharp:inst4                      ; reg_8bit_ce_sharp     ; work         ;
;    |add_module:inst5|              ; 36 (0)      ; 16           ; 0          ; 0    ; 0            ; 20 (0)       ; 16 (0)            ; 0 (0)            ; 0 (0)           ; 0 (0)      ; |CPU_MEMORY|add_module:inst5                                              ; add_module            ; work         ;
;       |adder_subtractor_8bit:inst| ; 14 (0)      ; 0            ; 0          ; 0    ; 0            ; 14 (0)       ; 0 (0)             ; 0 (0)            ; 0 (0)           ; 0 (0)      ; |CPU_MEMORY|add_module:inst5|adder_subtractor_8bit:inst                   ; adder_subtractor_8bit ; work         ;
;          |full_adder:123|          ; 1 (1)       ; 0            ; 0          ; 0    ; 0            ; 1 (1)        ; 0 (0)             ; 0 (0)            ; 0 (0)           ; 0 (0)      ; |CPU_MEMORY|add_module:inst5|adder_subtractor_8bit:inst|full_adder:123    ; full_adder            ; work         ;
;          |full_adder:inst2|        ; 2 (2)       ; 0            ; 0          ; 0    ; 0            ; 2 (2)        ; 0 (0)             ; 0 (0)            ; 0 (0)           ; 0 (0)      ; |CPU_MEMORY|add_module:inst5|adder_subtractor_8bit:inst|full_adder:inst2  ; full_adder            ; work         ;
;          |full_adder:inst3|        ; 2 (2)       ; 0            ; 0          ; 0    ; 0            ; 2 (2)        ; 0 (0)             ; 0 (0)            ; 0 (0)           ; 0 (0)      ; |CPU_MEMORY|add_module:inst5|adder_subtractor_8bit:inst|full_adder:inst3  ; full_adder            ; work         ;
;          |full_adder:inst4|        ; 2 (2)       ; 0            ; 0          ; 0    ; 0            ; 2 (2)        ; 0 (0)             ; 0 (0)            ; 0 (0)           ; 0 (0)      ; |CPU_MEMORY|add_module:inst5|adder_subtractor_8bit:inst|full_adder:inst4  ; full_adder            ; work         ;
;          |full_adder:inst5|        ; 2 (2)       ; 0            ; 0          ; 0    ; 0            ; 2 (2)        ; 0 (0)             ; 0 (0)            ; 0 (0)           ; 0 (0)      ; |CPU_MEMORY|add_module:inst5|adder_subtractor_8bit:inst|full_adder:inst5  ; full_adder            ; work         ;
;          |full_adder:inst6|        ; 2 (2)       ; 0            ; 0          ; 0    ; 0            ; 2 (2)        ; 0 (0)             ; 0 (0)            ; 0 (0)           ; 0 (0)      ; |CPU_MEMORY|add_module:inst5|adder_subtractor_8bit:inst|full_adder:inst6  ; full_adder            ; work         ;
;          |full_adder:inst7|        ; 2 (2)       ; 0            ; 0          ; 0    ; 0            ; 2 (2)        ; 0 (0)             ; 0 (0)            ; 0 (0)           ; 0 (0)      ; |CPU_MEMORY|add_module:inst5|adder_subtractor_8bit:inst|full_adder:inst7  ; full_adder            ; work         ;
;          |full_adder:inst8|        ; 1 (1)       ; 0            ; 0          ; 0    ; 0            ; 1 (1)        ; 0 (0)             ; 0 (0)            ; 0 (0)           ; 0 (0)      ; |CPU_MEMORY|add_module:inst5|adder_subtractor_8bit:inst|full_adder:inst8  ; full_adder            ; work         ;
;       |reg_8bit_ce:inst5|          ; 11 (8)      ; 8            ; 0          ; 0    ; 0            ; 3 (0)        ; 8 (8)             ; 0 (0)            ; 0 (0)           ; 0 (0)      ; |CPU_MEMORY|add_module:inst5|reg_8bit_ce:inst5                            ; reg_8bit_ce           ; work         ;
;          |mx_2x1:inst10|           ; 3 (3)       ; 0            ; 0          ; 0    ; 0            ; 3 (3)        ; 0 (0)             ; 0 (0)            ; 0 (0)           ; 0 (0)      ; |CPU_MEMORY|add_module:inst5|reg_8bit_ce:inst5|mx_2x1:inst10              ; mx_2x1                ; work         ;
;       |reg_8bit_ce:inst6|          ; 11 (8)      ; 8            ; 0          ; 0    ; 0            ; 3 (0)        ; 8 (8)             ; 0 (0)            ; 0 (0)           ; 0 (0)      ; |CPU_MEMORY|add_module:inst5|reg_8bit_ce:inst6                            ; reg_8bit_ce           ; work         ;
;          |mx_2x1:inst10|           ; 3 (3)       ; 0            ; 0          ; 0    ; 0            ; 3 (3)        ; 0 (0)             ; 0 (0)            ; 0 (0)           ; 0 (0)      ; |CPU_MEMORY|add_module:inst5|reg_8bit_ce:inst6|mx_2x1:inst10              ; mx_2x1                ; work         ;
;    |ascii_comparator:inst2|        ; 7 (7)       ; 0            ; 0          ; 0    ; 0            ; 7 (7)        ; 0 (0)             ; 0 (0)            ; 0 (0)           ; 0 (0)      ; |CPU_MEMORY|ascii_comparator:inst2                                        ; ascii_comparator      ; work         ;
;    |ascii_to_address:inst6|        ; 2 (0)       ; 0            ; 0          ; 0    ; 0            ; 2 (0)        ; 0 (0)             ; 0 (0)            ; 0 (0)           ; 0 (0)      ; |CPU_MEMORY|ascii_to_address:inst6                                        ; ascii_to_address      ; work         ;
;       |decre_4bit:inst|            ; 2 (2)       ; 0            ; 0          ; 0    ; 0            ; 2 (2)        ; 0 (0)             ; 0 (0)            ; 0 (0)           ; 0 (0)      ; |CPU_MEMORY|ascii_to_address:inst6|decre_4bit:inst                        ; decre_4bit            ; work         ;
;    |ascii_to_address:inst8|        ; 2 (0)       ; 0            ; 0          ; 0    ; 0            ; 2 (0)        ; 0 (0)             ; 0 (0)            ; 0 (0)           ; 0 (0)      ; |CPU_MEMORY|ascii_to_address:inst8                                        ; ascii_to_address      ; work         ;
;       |decre_4bit:inst|            ; 2 (2)       ; 0            ; 0          ; 0    ; 0            ; 2 (2)        ; 0 (0)             ; 0 (0)            ; 0 (0)           ; 0 (0)      ; |CPU_MEMORY|ascii_to_address:inst8|decre_4bit:inst                        ; decre_4bit            ; work         ;
;    |is_ascii:inst7|                ; 1 (1)       ; 0            ; 0          ; 0    ; 0            ; 1 (1)        ; 0 (0)             ; 0 (0)            ; 0 (0)           ; 0 (0)      ; |CPU_MEMORY|is_ascii:inst7                                                ; is_ascii              ; work         ;
;    |mux_8bit_2x1:inst3|            ; 8 (8)       ; 0            ; 0          ; 0    ; 0            ; 8 (8)        ; 0 (0)             ; 0 (0)            ; 0 (0)           ; 0 (0)      ; |CPU_MEMORY|mux_8bit_2x1:inst3                                            ; mux_8bit_2x1          ; work         ;
;    |shw_module:inst4|              ; 16 (8)      ; 3            ; 0          ; 0    ; 0            ; 13 (8)       ; 0 (0)             ; 3 (0)            ; 0 (0)           ; 0 (0)      ; |CPU_MEMORY|shw_module:inst4                                              ; shw_module            ; work         ;
;       |b2seg:inst44|               ; 1 (1)       ; 0            ; 0          ; 0    ; 0            ; 1 (1)        ; 0 (0)             ; 0 (0)            ; 0 (0)           ; 0 (0)      ; |CPU_MEMORY|shw_module:inst4|b2seg:inst44                                 ; b2seg                 ; work         ;
;       |count_8:inst3|              ; 3 (3)       ; 3            ; 0          ; 0    ; 0            ; 0 (0)        ; 0 (0)             ; 3 (3)            ; 0 (0)           ; 0 (0)      ; |CPU_MEMORY|shw_module:inst4|count_8:inst3                                ; count_8               ; work         ;
;       |mx_2x1:inst21|              ; 4 (4)       ; 0            ; 0          ; 0    ; 0            ; 4 (4)        ; 0 (0)             ; 0 (0)            ; 0 (0)           ; 0 (0)      ; |CPU_MEMORY|shw_module:inst4|mx_2x1:inst21                                ; mx_2x1                ; work         ;
;    |sram_8bitx8:inst10|            ; 152 (0)     ; 64           ; 0          ; 0    ; 0            ; 88 (0)       ; 64 (0)            ; 0 (0)            ; 0 (0)           ; 0 (0)      ; |CPU_MEMORY|sram_8bitx8:inst10                                            ; sram_8bitx8           ; work         ;
;       |demux:inst99|               ; 8 (8)       ; 0            ; 0          ; 0    ; 0            ; 8 (8)        ; 0 (0)             ; 0 (0)            ; 0 (0)           ; 0 (0)      ; |CPU_MEMORY|sram_8bitx8:inst10|demux:inst99                               ; demux                 ; work         ;
;       |mux_8bit_2x1:inst10|        ; 40 (40)     ; 0            ; 0          ; 0    ; 0            ; 40 (40)      ; 0 (0)             ; 0 (0)            ; 0 (0)           ; 0 (0)      ; |CPU_MEMORY|sram_8bitx8:inst10|mux_8bit_2x1:inst10                        ; mux_8bit_2x1          ; work         ;
;       |mux_8bit_2x1:inst13|        ; 40 (40)     ; 0            ; 0          ; 0    ; 0            ; 40 (40)      ; 0 (0)             ; 0 (0)            ; 0 (0)           ; 0 (0)      ; |CPU_MEMORY|sram_8bitx8:inst10|mux_8bit_2x1:inst13                        ; mux_8bit_2x1          ; work         ;
;       |reg_8bit_ce:inst1|          ; 8 (8)       ; 8            ; 0          ; 0    ; 0            ; 0 (0)        ; 8 (8)             ; 0 (0)            ; 0 (0)           ; 0 (0)      ; |CPU_MEMORY|sram_8bitx8:inst10|reg_8bit_ce:inst1                          ; reg_8bit_ce           ; work         ;
;       |reg_8bit_ce:inst2|          ; 8 (8)       ; 8            ; 0          ; 0    ; 0            ; 0 (0)        ; 8 (8)             ; 0 (0)            ; 0 (0)           ; 0 (0)      ; |CPU_MEMORY|sram_8bitx8:inst10|reg_8bit_ce:inst2                          ; reg_8bit_ce           ; work         ;
;       |reg_8bit_ce:inst3|          ; 8 (8)       ; 8            ; 0          ; 0    ; 0            ; 0 (0)        ; 8 (8)             ; 0 (0)            ; 0 (0)           ; 0 (0)      ; |CPU_MEMORY|sram_8bitx8:inst10|reg_8bit_ce:inst3                          ; reg_8bit_ce           ; work         ;
;       |reg_8bit_ce:inst4|          ; 8 (8)       ; 8            ; 0          ; 0    ; 0            ; 0 (0)        ; 8 (8)             ; 0 (0)            ; 0 (0)           ; 0 (0)      ; |CPU_MEMORY|sram_8bitx8:inst10|reg_8bit_ce:inst4                          ; reg_8bit_ce           ; work         ;
;       |reg_8bit_ce:inst5|          ; 8 (8)       ; 8            ; 0          ; 0    ; 0            ; 0 (0)        ; 8 (8)             ; 0 (0)            ; 0 (0)           ; 0 (0)      ; |CPU_MEMORY|sram_8bitx8:inst10|reg_8bit_ce:inst5                          ; reg_8bit_ce           ; work         ;
;       |reg_8bit_ce:inst6|          ; 8 (8)       ; 8            ; 0          ; 0    ; 0            ; 0 (0)        ; 8 (8)             ; 0 (0)            ; 0 (0)           ; 0 (0)      ; |CPU_MEMORY|sram_8bitx8:inst10|reg_8bit_ce:inst6                          ; reg_8bit_ce           ; work         ;
;       |reg_8bit_ce:inst7|          ; 8 (8)       ; 8            ; 0          ; 0    ; 0            ; 0 (0)        ; 8 (8)             ; 0 (0)            ; 0 (0)           ; 0 (0)      ; |CPU_MEMORY|sram_8bitx8:inst10|reg_8bit_ce:inst7                          ; reg_8bit_ce           ; work         ;
;       |reg_8bit_ce:inst|           ; 8 (8)       ; 8            ; 0          ; 0    ; 0            ; 0 (0)        ; 8 (8)             ; 0 (0)            ; 0 (0)           ; 0 (0)      ; |CPU_MEMORY|sram_8bitx8:inst10|reg_8bit_ce:inst                           ; reg_8bit_ce           ; work         ;
;    |sub_module:inst13|             ; 14 (0)      ; 0            ; 0          ; 0    ; 0            ; 14 (0)       ; 0 (0)             ; 0 (0)            ; 0 (0)           ; 0 (0)      ; |CPU_MEMORY|sub_module:inst13                                             ; sub_module            ; work         ;
;       |adder_subtractor_8bit:inst| ; 14 (0)      ; 0            ; 0          ; 0    ; 0            ; 14 (0)       ; 0 (0)             ; 0 (0)            ; 0 (0)           ; 0 (0)      ; |CPU_MEMORY|sub_module:inst13|adder_subtractor_8bit:inst                  ; adder_subtractor_8bit ; work         ;
;          |full_adder:123|          ; 1 (1)       ; 0            ; 0          ; 0    ; 0            ; 1 (1)        ; 0 (0)             ; 0 (0)            ; 0 (0)           ; 0 (0)      ; |CPU_MEMORY|sub_module:inst13|adder_subtractor_8bit:inst|full_adder:123   ; full_adder            ; work         ;
;          |full_adder:inst2|        ; 2 (2)       ; 0            ; 0          ; 0    ; 0            ; 2 (2)        ; 0 (0)             ; 0 (0)            ; 0 (0)           ; 0 (0)      ; |CPU_MEMORY|sub_module:inst13|adder_subtractor_8bit:inst|full_adder:inst2 ; full_adder            ; work         ;
;          |full_adder:inst3|        ; 2 (2)       ; 0            ; 0          ; 0    ; 0            ; 2 (2)        ; 0 (0)             ; 0 (0)            ; 0 (0)           ; 0 (0)      ; |CPU_MEMORY|sub_module:inst13|adder_subtractor_8bit:inst|full_adder:inst3 ; full_adder            ; work         ;
;          |full_adder:inst4|        ; 2 (2)       ; 0            ; 0          ; 0    ; 0            ; 2 (2)        ; 0 (0)             ; 0 (0)            ; 0 (0)           ; 0 (0)      ; |CPU_MEMORY|sub_module:inst13|adder_subtractor_8bit:inst|full_adder:inst4 ; full_adder            ; work         ;
;          |full_adder:inst5|        ; 2 (2)       ; 0            ; 0          ; 0    ; 0            ; 2 (2)        ; 0 (0)             ; 0 (0)            ; 0 (0)           ; 0 (0)      ; |CPU_MEMORY|sub_module:inst13|adder_subtractor_8bit:inst|full_adder:inst5 ; full_adder            ; work         ;
;          |full_adder:inst6|        ; 2 (2)       ; 0            ; 0          ; 0    ; 0            ; 2 (2)        ; 0 (0)             ; 0 (0)            ; 0 (0)           ; 0 (0)      ; |CPU_MEMORY|sub_module:inst13|adder_subtractor_8bit:inst|full_adder:inst6 ; full_adder            ; work         ;
;          |full_adder:inst7|        ; 2 (2)       ; 0            ; 0          ; 0    ; 0            ; 2 (2)        ; 0 (0)             ; 0 (0)            ; 0 (0)           ; 0 (0)      ; |CPU_MEMORY|sub_module:inst13|adder_subtractor_8bit:inst|full_adder:inst7 ; full_adder            ; work         ;
;          |full_adder:inst8|        ; 1 (1)       ; 0            ; 0          ; 0    ; 0            ; 1 (1)        ; 0 (0)             ; 0 (0)            ; 0 (0)           ; 0 (0)      ; |CPU_MEMORY|sub_module:inst13|adder_subtractor_8bit:inst|full_adder:inst8 ; full_adder            ; work         ;
;    |trigger_8bit:inst16|           ; 20 (20)     ; 16           ; 0          ; 0    ; 0            ; 4 (4)        ; 16 (16)           ; 0 (0)            ; 0 (0)           ; 0 (0)      ; |CPU_MEMORY|trigger_8bit:inst16                                           ; trigger_8bit          ; work         ;
+------------------------------------+-------------+--------------+------------+------+--------------+--------------+-------------------+------------------+-----------------+------------+---------------------------------------------------------------------------+-----------------------+--------------+
Note: For table entries with two numbers listed, the numbers in parentheses indicate the number of resources of the given type used by the specific entity alone. The numbers listed outside of parentheses indicate the total resources of the given type used by the specific entity and all of its sub-entities in the hierarchy.


+---------------------------------------------------------------------------------------------------------------------------------+
; Registers Removed During Synthesis                                                                                              ;
+-------------------------------------------------------------------------+-------------------------------------------------------+
; Register name                                                           ; Reason for Removal                                    ;
+-------------------------------------------------------------------------+-------------------------------------------------------+
; shw_module:inst4|eight_bit_register:inst1|four_bit_register:inst|inst   ; Merged with add_module:inst5|reg_8bit_ce:inst5|inst   ;
; shw_module:inst4|eight_bit_register:inst1|four_bit_register:inst|inst1  ; Merged with add_module:inst5|reg_8bit_ce:inst5|inst1  ;
; shw_module:inst4|eight_bit_register:inst1|four_bit_register:inst|inst2  ; Merged with add_module:inst5|reg_8bit_ce:inst5|inst2  ;
; shw_module:inst4|eight_bit_register:inst1|four_bit_register:inst|inst3  ; Merged with add_module:inst5|reg_8bit_ce:inst5|inst3  ;
; shw_module:inst4|eight_bit_register:inst1|four_bit_register:inst1|inst  ; Merged with add_module:inst5|reg_8bit_ce:inst5|inst4  ;
; shw_module:inst4|eight_bit_register:inst1|four_bit_register:inst1|inst1 ; Merged with add_module:inst5|reg_8bit_ce:inst5|inst5  ;
; shw_module:inst4|eight_bit_register:inst1|four_bit_register:inst1|inst2 ; Merged with add_module:inst5|reg_8bit_ce:inst5|inst9  ;
; shw_module:inst4|eight_bit_register:inst1|four_bit_register:inst1|inst3 ; Merged with add_module:inst5|reg_8bit_ce:inst5|inst11 ;
; Total Number of Removed Registers = 8                                   ;                                                       ;
+-------------------------------------------------------------------------+-------------------------------------------------------+


+------------------------------------------------------+
; General Register Statistics                          ;
+----------------------------------------------+-------+
; Statistic                                    ; Value ;
+----------------------------------------------+-------+
; Total registers                              ; 118   ;
; Number of registers using Synchronous Clear  ; 0     ;
; Number of registers using Synchronous Load   ; 0     ;
; Number of registers using Asynchronous Clear ; 118   ;
; Number of registers using Asynchronous Load  ; 0     ;
; Number of registers using Clock Enable       ; 99    ;
; Number of registers using Preset             ; 0     ;
+----------------------------------------------+-------+


+-------------------------------------------------------------------------------------------------------------------------------------------------------------------------+
; Multiplexer Restructuring Statistics (Restructuring Performed)                                                                                                          ;
+--------------------+-----------+---------------+----------------------+------------------------+------------+-----------------------------------------------------------+
; Multiplexer Inputs ; Bus Width ; Baseline Area ; Area if Restructured ; Saving if Restructured ; Registered ; Example Multiplexer Output                                ;
+--------------------+-----------+---------------+----------------------+------------------------+------------+-----------------------------------------------------------+
; 3:1                ; 19 bits   ; 38 LEs        ; 19 LEs               ; 19 LEs                 ; Yes        ; |CPU_MEMORY|RAM_to_CPU:inst1|reg_8bit_ce_sharp:inst3|inst ;
; 8:1                ; 8 bits    ; 40 LEs        ; 40 LEs               ; 0 LEs                  ; No         ; |CPU_MEMORY|sram_8bitx8:inst10|mux_8bit_2x1:inst10|inst10 ;
; 8:1                ; 8 bits    ; 40 LEs        ; 40 LEs               ; 0 LEs                  ; No         ; |CPU_MEMORY|sram_8bitx8:inst10|mux_8bit_2x1:inst13|inst20 ;
+--------------------+-----------+---------------+----------------------+------------------------+------------+-----------------------------------------------------------+


+-------------------------------+
; Analysis & Synthesis Messages ;
+-------------------------------+
Info: *******************************************************************
Info: Running Quartus Prime Analysis & Synthesis
    Info: Version 20.1.1 Build 720 11/11/2020 SJ Lite Edition
    Info: Processing started: Wed Dec 22 15:22:53 2021
Info: Command: quartus_map --read_settings_files=on --write_settings_files=off quartus -c quartus
Warning (18236): Number of processors has not been specified which may cause overloading on shared machines.  Set the global assignment NUM_PARALLEL_PROCESSORS in your QSF to an appropriate value for best performance.
Info (20030): Parallel compilation is enabled and will use 6 of the 6 processors detected
Info (12021): Found 1 design units, including 1 entities, in source file textlcd.v
    Info (12023): Found entity 1: textLCD File: C:/Users/user/Logic-circuit-and-design/term_project/quartus/textLCD.v Line: 1
Info (12021): Found 1 design units, including 1 entities, in source file trigger.bdf
    Info (12023): Found entity 1: trigger
Info (12021): Found 1 design units, including 1 entities, in source file cpu_memory.bdf
    Info (12023): Found entity 1: CPU_MEMORY
Info (12021): Found 1 design units, including 1 entities, in source file tpj.bdf
    Info (12023): Found entity 1: tpj
Info (12021): Found 1 design units, including 1 entities, in source file sram_8bitx8.bdf
    Info (12023): Found entity 1: sram_8bitx8
Info (12021): Found 1 design units, including 1 entities, in source file reg_8bit_ce_sharp.bdf
    Info (12023): Found entity 1: reg_8bit_ce_sharp
Info (12021): Found 1 design units, including 1 entities, in source file ram_to_cpu.bdf
    Info (12023): Found entity 1: RAM_to_CPU
Info (12021): Found 1 design units, including 1 entities, in source file mux_8bit_4x1.bdf
    Info (12023): Found entity 1: mux_8bit_4x1
Info (12021): Found 1 design units, including 1 entities, in source file demux.bdf
    Info (12023): Found entity 1: demux
Info (12021): Found 1 design units, including 1 entities, in source file block1.bdf
    Info (12023): Found entity 1: Block1
Info (12021): Found 1 design units, including 1 entities, in source file ascii_to_address.bdf
    Info (12023): Found entity 1: ascii_to_address
Info (12021): Found 1 design units, including 1 entities, in source file ascii_comparator.bdf
    Info (12023): Found entity 1: ascii_comparator
Info (12021): Found 1 design units, including 1 entities, in source file count_8.bdf
    Info (12023): Found entity 1: count_8
Info (12021): Found 1 design units, including 1 entities, in source file count_4.bdf
    Info (12023): Found entity 1: count_4
Info (12021): Found 1 design units, including 1 entities, in source file mux_8bit_16x1.bdf
    Info (12023): Found entity 1: mux_8bit_16x1
Info (12021): Found 1 design units, including 1 entities, in source file count16.bdf
    Info (12023): Found entity 1: count16
Info (12021): Found 1 design units, including 1 entities, in source file reg_8bit_ce.bdf
    Info (12023): Found entity 1: reg_8bit_ce
Info (12021): Found 1 design units, including 1 entities, in source file ram_5.bdf
    Info (12023): Found entity 1: RAM_5
Info (12021): Found 1 design units, including 1 entities, in source file demux_5.bdf
    Info (12023): Found entity 1: demux_5
Info (12021): Found 1 design units, including 1 entities, in source file count_5.bdf
    Info (12023): Found entity 1: count_5
Info (12021): Found 1 design units, including 1 entities, in source file decre_4bit.bdf
    Info (12023): Found entity 1: decre_4bit
Info (12021): Found 1 design units, including 1 entities, in source file mux_8bit_2x1.bdf
    Info (12023): Found entity 1: mux_8bit_2x1
Info (12021): Found 1 design units, including 1 entities, in source file half_adder.bdf
    Info (12023): Found entity 1: half_adder
Info (12021): Found 1 design units, including 1 entities, in source file full_adder.bdf
    Info (12023): Found entity 1: full_adder
Info (12021): Found 1 design units, including 1 entities, in source file mx_4bit_2x1.bdf
    Info (12023): Found entity 1: mx_4bit_2x1
Info (12021): Found 1 design units, including 1 entities, in source file mx_2x1.bdf
    Info (12023): Found entity 1: mx_2x1
Info (12021): Found 1 design units, including 1 entities, in source file four_bit_register.bdf
    Info (12023): Found entity 1: four_bit_register
Info (12021): Found 1 design units, including 1 entities, in source file eight_bit_register.bdf
    Info (12023): Found entity 1: eight_bit_register
Info (12021): Found 1 design units, including 1 entities, in source file decimal_to_alphabet.bdf
    Info (12023): Found entity 1: decimal_to_alphabet
Info (12021): Found 1 design units, including 1 entities, in source file counter4.bdf
    Info (12023): Found entity 1: counter4
Info (12021): Found 1 design units, including 1 entities, in source file adder_8bit_2bit.bdf
    Info (12023): Found entity 1: adder_8bit_2bit
Info (12021): Found 1 design units, including 1 entities, in source file counter2.bdf
    Info (12023): Found entity 1: counter2
Info (12021): Found 1 design units, including 1 entities, in source file or_8bit.bdf
    Info (12023): Found entity 1: or_8bit
Info (12021): Found 1 design units, including 1 entities, in source file bittobus_8bit.bdf
    Info (12023): Found entity 1: bitToBus_8bit
Info (12021): Found 1 design units, including 1 entities, in source file d2b_8bit.bdf
    Info (12023): Found entity 1: d2b_8bit
Info (12021): Found 1 design units, including 1 entities, in source file input_module.bdf
    Info (12023): Found entity 1: INPUT_MODULE
Info (12021): Found 1 design units, including 1 entities, in source file decre_2bit.bdf
    Info (12023): Found entity 1: decre_2bit
Info (12021): Found 1 design units, including 1 entities, in source file adder_8bit_4bit.bdf
    Info (12023): Found entity 1: adder_8bit_4bit
Info (12021): Found 1 design units, including 1 entities, in source file convert_to_ascii.bdf
    Info (12023): Found entity 1: CONVERT_TO_ASCII
Info (12021): Found 1 design units, including 1 entities, in source file adder_8bit_8bit.bdf
    Info (12023): Found entity 1: adder_8bit_8bit
Info (12021): Found 1 design units, including 1 entities, in source file project.bdf
    Info (12023): Found entity 1: PROJECT
Info (12021): Found 1 design units, including 1 entities, in source file shw_module.bdf
    Info (12023): Found entity 1: shw_module
Info (12021): Found 1 design units, including 1 entities, in source file b2seg.bdf
    Info (12023): Found entity 1: b2seg
Info (12021): Found 1 design units, including 1 entities, in source file is_ascii.bdf
    Info (12023): Found entity 1: is_ascii
Info (12021): Found 1 design units, including 1 entities, in source file mov_module.bdf
    Info (12023): Found entity 1: mov_module
Info (12021): Found 1 design units, including 1 entities, in source file add_module.bdf
    Info (12023): Found entity 1: add_module
Info (12021): Found 1 design units, including 1 entities, in source file adder_subtractor_8bit.bdf
    Info (12023): Found entity 1: adder_subtractor_8bit
Info (12021): Found 1 design units, including 1 entities, in source file and_8bit_2bit.bdf
    Info (12023): Found entity 1: and_8bit_2bit
Info (12021): Found 1 design units, including 1 entities, in source file sub_module.bdf
    Info (12023): Found entity 1: sub_module
Info (12021): Found 1 design units, including 1 entities, in source file trigger_8bit.bdf
    Info (12023): Found entity 1: trigger_8bit
Info (12021): Found 1 design units, including 1 entities, in source file decre_3bit.bdf
    Info (12023): Found entity 1: decre_3bit
Info (12127): Elaborating entity "CPU_MEMORY" for the top level hierarchy
Warning (275083): Bus "CE_out2[2..0]" found using same base name as "CE_out", which might lead to a name conflict.
Warning (275080): Converted elements in bus name "CE_out" using legacy naming rules. Make any assignments on the new names, not on the original names.
    Warning (275081): Converted element name(s) from "CE_out[2..0]" to "CE_out2..0"
Warning (275080): Converted elements in bus name "CE_out2" using legacy naming rules. Make any assignments on the new names, not on the original names.
    Warning (275081): Converted element name(s) from "CE_out2[2..0]" to "CE_out22..0"
Info (12128): Elaborating entity "shw_module" for hierarchy "shw_module:inst4"
Warning (275011): Block or symbol "NOT" of instance "inst5" overlaps another block or symbol
Warning (275011): Block or symbol "NOT" of instance "inst16" overlaps another block or symbol
Warning (275011): Block or symbol "NOT" of instance "inst18" overlaps another block or symbol
Warning (275011): Block or symbol "NOT" of instance "inst24" overlaps another block or symbol
Info (12128): Elaborating entity "b2seg" for hierarchy "shw_module:inst4|b2seg:inst44"
Info (12128): Elaborating entity "mx_2x1" for hierarchy "shw_module:inst4|b2seg:inst44|mx_2x1:inst"
Info (12128): Elaborating entity "eight_bit_register" for hierarchy "shw_module:inst4|eight_bit_register:inst1"
Info (12128): Elaborating entity "four_bit_register" for hierarchy "shw_module:inst4|eight_bit_register:inst1|four_bit_register:inst"
Info (12128): Elaborating entity "count_8" for hierarchy "shw_module:inst4|count_8:inst3"
Info (12128): Elaborating entity "mux_8bit_2x1" for hierarchy "mux_8bit_2x1:inst3"
Warning (275011): Block or symbol "AND2" of instance "inst2" overlaps another block or symbol
Warning (275011): Block or symbol "OR2" of instance "inst10" overlaps another block or symbol
Warning (275011): Block or symbol "OR2" of instance "inst20" overlaps another block or symbol
Warning (275011): Block or symbol "OR2" of instance "inst23" overlaps another block or symbol
Info (12128): Elaborating entity "is_ascii" for hierarchy "is_ascii:inst7"
Info (12128): Elaborating entity "RAM_to_CPU" for hierarchy "RAM_to_CPU:inst1"
Info (12128): Elaborating entity "reg_8bit_ce_sharp" for hierarchy "RAM_to_CPU:inst1|reg_8bit_ce_sharp:inst44"
Info (12128): Elaborating entity "sram_8bitx8" for hierarchy "sram_8bitx8:inst10"
Warning (275083): Bus "CE_out2[2..0]" found using same base name as "CE_out", which might lead to a name conflict.
Warning (275083): Bus "CE_out2[2..0]" found using same base name as "CE_out", which might lead to a name conflict.
Warning (275083): Bus "CE_out2[1..0]" found using same base name as "CE_out", which might lead to a name conflict.
Warning (275083): Bus "CE_out2[2]" found using same base name as "CE_out", which might lead to a name conflict.
Warning (275080): Converted elements in bus name "CE_out" using legacy naming rules. Make any assignments on the new names, not on the original names.
    Warning (275081): Converted element name(s) from "CE_out[2..0]" to "CE_out2..0"
Warning (275080): Converted elements in bus name "CE_out2" using legacy naming rules. Make any assignments on the new names, not on the original names.
    Warning (275081): Converted element name(s) from "CE_out2[2..0]" to "CE_out22..0"
Info (12128): Elaborating entity "mux_8bit_4x1" for hierarchy "sram_8bitx8:inst10|mux_8bit_4x1:inst11"
Info (12128): Elaborating entity "reg_8bit_ce" for hierarchy "sram_8bitx8:inst10|reg_8bit_ce:inst"
Info (12128): Elaborating entity "demux" for hierarchy "sram_8bitx8:inst10|demux:inst99"
Info (12128): Elaborating entity "sub_module" for hierarchy "sub_module:inst13"
Warning (275009): Pin "clk" not connected
Info (12128): Elaborating entity "and_8bit_2bit" for hierarchy "sub_module:inst13|and_8bit_2bit:inst2"
Info (12128): Elaborating entity "bitToBus_8bit" for hierarchy "sub_module:inst13|and_8bit_2bit:inst2|bitToBus_8bit:inst8"
Warning (275080): Converted elements in bus name "Din" using legacy naming rules. Make any assignments on the new names, not on the original names.
    Warning (275081): Converted element name(s) from "Din[0]" to "Din0"
    Warning (275081): Converted element name(s) from "Din[7]" to "Din7"
    Warning (275081): Converted element name(s) from "Din[1]" to "Din1"
    Warning (275081): Converted element name(s) from "Din[6]" to "Din6"
    Warning (275081): Converted element name(s) from "Din[5]" to "Din5"
    Warning (275081): Converted element name(s) from "Din[2]" to "Din2"
    Warning (275081): Converted element name(s) from "Din[3]" to "Din3"
    Warning (275081): Converted element name(s) from "Din[4]" to "Din4"
    Warning (275081): Converted element name(s) from "Din[7..0]" to "Din7..0"
Info (12128): Elaborating entity "adder_subtractor_8bit" for hierarchy "sub_module:inst13|adder_subtractor_8bit:inst"
Info (12128): Elaborating entity "full_adder" for hierarchy "sub_module:inst13|adder_subtractor_8bit:inst|full_adder:inst8"
Info (12128): Elaborating entity "half_adder" for hierarchy "sub_module:inst13|adder_subtractor_8bit:inst|full_adder:inst8|half_adder:inst"
Info (12128): Elaborating entity "ascii_comparator" for hierarchy "ascii_comparator:inst2"
Info (12128): Elaborating entity "trigger_8bit" for hierarchy "trigger_8bit:inst16"
Info (12128): Elaborating entity "mov_module" for hierarchy "mov_module:inst11"
Info (12128): Elaborating entity "add_module" for hierarchy "add_module:inst5"
Warning (275011): Block or symbol "reg_8bit_ce" of instance "inst5" overlaps another block or symbol
Info (12128): Elaborating entity "ascii_to_address" for hierarchy "ascii_to_address:inst8"
Info (12128): Elaborating entity "decre_4bit" for hierarchy "ascii_to_address:inst8|decre_4bit:inst"
Warning (275008): Primitive "AND2" of instance "inst18" not used
Warning (275008): Primitive "AND2" of instance "inst19" not used
Warning (275008): Primitive "OR2" of instance "inst20" not used
Warning (13024): Output pins are stuck at VCC or GND
    Warning (13410): Pin "g" is stuck at GND
Warning (21074): Design contains 5 input pin(s) that do not drive logic
    Warning (15610): No output dependent on input pin "RAM5[7]"
    Warning (15610): No output dependent on input pin "RAM5[6]"
    Warning (15610): No output dependent on input pin "RAM5[5]"
    Warning (15610): No output dependent on input pin "RAM5[4]"
    Warning (15610): No output dependent on input pin "RAM5[3]"
Info (21057): Implemented 372 device resources after synthesis - the final resource count might be different
    Info (21058): Implemented 28 input pins
    Info (21059): Implemented 47 output pins
    Info (21061): Implemented 297 logic cells
Info: Quartus Prime Analysis & Synthesis was successful. 0 errors, 45 warnings
    Info: Peak virtual memory: 4725 megabytes
    Info: Processing ended: Wed Dec 22 15:23:00 2021
    Info: Elapsed time: 00:00:07
    Info: Total CPU time (on all processors): 00:00:14


